GAS LISTING /tmp/ccoo7SYO.s 			page 1


   1              		.file	"RiscV.cpp"
   2              		.option pic
   3              		.option norelax
   4              		.text
   5              	.Ltext0:
   6              	.Letext0:
   7              		.file 1 "src/../h/../lib/hw.h"
GAS LISTING /tmp/ccoo7SYO.s 			page 2


DEFINED SYMBOLS
                            *ABS*:0000000000000000 RiscV.cpp
     /tmp/ccoo7SYO.s:130    .debug_abbrev:0000000000000000 .Ldebug_abbrev0
     /tmp/ccoo7SYO.s:284    .debug_str:00000000000000b4 .LASF17
     /tmp/ccoo7SYO.s:282    .debug_str:00000000000000a6 .LASF18
     /tmp/ccoo7SYO.s:294    .debug_str:00000000000001bb .LASF19
     /tmp/ccoo7SYO.s:258    .debug_line:0000000000000000 .Ldebug_line0
     /tmp/ccoo7SYO.s:286    .debug_str:0000000000000178 .LASF0
     /tmp/ccoo7SYO.s:278    .debug_str:0000000000000087 .LASF1
     /tmp/ccoo7SYO.s:274    .debug_str:0000000000000067 .LASF2
     /tmp/ccoo7SYO.s:266    .debug_str:0000000000000028 .LASF4
     /tmp/ccoo7SYO.s:276    .debug_str:0000000000000075 .LASF3
     /tmp/ccoo7SYO.s:262    .debug_str:0000000000000013 .LASF5
     /tmp/ccoo7SYO.s:260    .debug_str:0000000000000000 .LASF6
     /tmp/ccoo7SYO.s:270    .debug_str:0000000000000045 .LASF7
     /tmp/ccoo7SYO.s:290    .debug_str:0000000000000195 .LASF8
     /tmp/ccoo7SYO.s:264    .debug_str:000000000000001a .LASF9
     /tmp/ccoo7SYO.s:298    .debug_str:00000000000001e9 .LASF10
     /tmp/ccoo7SYO.s:272    .debug_str:0000000000000058 .LASF11
     /tmp/ccoo7SYO.s:296    .debug_str:00000000000001d9 .LASF12
     /tmp/ccoo7SYO.s:288    .debug_str:0000000000000185 .LASF13
     /tmp/ccoo7SYO.s:280    .debug_str:000000000000009a .LASF14
     /tmp/ccoo7SYO.s:268    .debug_str:000000000000002f .LASF15
     /tmp/ccoo7SYO.s:292    .debug_str:00000000000001a5 .LASF16
     /tmp/ccoo7SYO.s:9      .debug_info:0000000000000000 .Ldebug_info0

NO UNDEFINED SYMBOLS
