GAS LISTING /tmp/ccekiF2T.s 			page 1


   1              		.file	"Scheduler.cpp"
   2              		.option pic
   3              		.option norelax
   4              		.text
   5              	.Ltext0:
   6              		.align	2
   8              	_Z41__static_initialization_and_destruction_0ii:
   9              	.LFB19:
  10              		.file 1 "src/Scheduler.cpp"
   1:src/Scheduler.cpp **** #include "../h/Scheduler.hpp"
   2:src/Scheduler.cpp **** 
   3:src/Scheduler.cpp **** LinkedList<TCB> Scheduler::readyCoroutineQueue;
   4:src/Scheduler.cpp **** //TCB* Scheduler::idleThread = TCB::createThread(nullptr);
   5:src/Scheduler.cpp **** //ako ne radi samo zakomentarisi emptyQueue
   6:src/Scheduler.cpp **** TCB* Scheduler::get()
   7:src/Scheduler.cpp **** {
   8:src/Scheduler.cpp ****     //emptyQueue();
   9:src/Scheduler.cpp ****     return readyCoroutineQueue.removeFirst();
  10:src/Scheduler.cpp **** }
  11:src/Scheduler.cpp **** 
  12:src/Scheduler.cpp **** void Scheduler::put(TCB *ccb)
  13:src/Scheduler.cpp **** {
  14:src/Scheduler.cpp ****     //emptyQueue();
  15:src/Scheduler.cpp ****     readyCoroutineQueue.addLast(ccb);
  16:src/Scheduler.cpp **** }...
  11              		.loc 1 16 1
  12              		.cfi_startproc
  13              	.LVL0:
  14 0000 130101FF 		addi	sp,sp,-16
  15              		.cfi_def_cfa_offset 16
  16 0004 23348100 		sd	s0,8(sp)
  17              		.cfi_offset 8, -8
  18 0008 13040101 		addi	s0,sp,16
  19              		.cfi_def_cfa 8, 0
  20              		.loc 1 16 1 is_stmt 0
  21 000c 93071000 		li	a5,1
  22 0010 6308F500 		beq	a0,a5,.L4
  23              	.L1:
  24 0014 03348100 		ld	s0,8(sp)
  25              		.cfi_remember_state
  26              		.cfi_restore 8
  27              		.cfi_def_cfa 2, 16
  28 0018 13010101 		addi	sp,sp,16
  29              		.cfi_def_cfa_offset 0
  30 001c 67800000 		jr	ra
  31              	.L4:
  32              		.cfi_restore_state
  33              		.loc 1 16 1 discriminator 1
  34 0020 B7070100 		li	a5,65536
  35 0024 9387F7FF 		addi	a5,a5,-1
  36 0028 E396F5FE 		bne	a1,a5,.L1
  37              	.LVL1:
  38              	.LBB15:
  39              	.LBB16:
  40              	.LBB17:
  41              		.file 2 "src/../h/LinkedList.hpp"
   1:src/../h/LinkedList.hpp **** 
GAS LISTING /tmp/ccekiF2T.s 			page 2


   2:src/../h/LinkedList.hpp **** 
   3:src/../h/LinkedList.hpp **** #ifndef PROJECT_BASE_LINKEDLIST_HPP
   4:src/../h/LinkedList.hpp **** #define PROJECT_BASE_LINKEDLIST_HPP
   5:src/../h/LinkedList.hpp **** 
   6:src/../h/LinkedList.hpp **** 
   7:src/../h/LinkedList.hpp **** //uradi sutra kada te ne bi mrzelo, jer me sada mrzi da radim double linked, a vrv ce te i sutra mr
   8:src/../h/LinkedList.hpp **** template<typename T>
   9:src/../h/LinkedList.hpp **** class LinkedList{
  10:src/../h/LinkedList.hpp ****     private:
  11:src/../h/LinkedList.hpp ****     struct Elem{
  12:src/../h/LinkedList.hpp ****         T* data;
  13:src/../h/LinkedList.hpp ****         Elem* next;
  14:src/../h/LinkedList.hpp **** 
  15:src/../h/LinkedList.hpp ****         Elem(T* data, Elem * next) : data(data), next(next) {}
  16:src/../h/LinkedList.hpp ****     };
  17:src/../h/LinkedList.hpp **** 
  18:src/../h/LinkedList.hpp ****     Elem *head, *tail;
  19:src/../h/LinkedList.hpp ****     public:
  20:src/../h/LinkedList.hpp ****     LinkedList() : head(0), tail(0) {}
  42              		.loc 2 20 35
  43 002c 97070000 		lla	a5,.LANCHOR0
  43      93870700 
  44 0034 23B00700 		sd	zero,0(a5)
  45 0038 23B40700 		sd	zero,8(a5)
  46              	.LVL2:
  47              	.LBE17:
  48              	.LBE16:
  49              	.LBE15:
  50              		.loc 1 16 1
  51 003c 6FF09FFD 		j	.L1
  52              		.cfi_endproc
  53              	.LFE19:
  55              		.align	2
  56              		.globl	_ZN9Scheduler3getEv
  58              	_ZN9Scheduler3getEv:
  59              	.LFB9:
   7:src/Scheduler.cpp **** {
  60              		.loc 1 7 1 is_stmt 1
  61              		.cfi_startproc
  62 0040 130101FE 		addi	sp,sp,-32
  63              		.cfi_def_cfa_offset 32
  64 0044 233C1100 		sd	ra,24(sp)
  65 0048 23388100 		sd	s0,16(sp)
  66 004c 23349100 		sd	s1,8(sp)
  67              		.cfi_offset 1, -8
  68              		.cfi_offset 8, -16
  69              		.cfi_offset 9, -24
  70 0050 13040102 		addi	s0,sp,32
  71              		.cfi_def_cfa 8, 0
   9:src/Scheduler.cpp ****     return readyCoroutineQueue.removeFirst();
  72              		.loc 1 9 5
  73              	.LVL3:
  74              	.LBB18:
  75              	.LBB19:
  21:src/../h/LinkedList.hpp **** 
  22:src/../h/LinkedList.hpp ****     LinkedList(const LinkedList<T> &) = delete;
  23:src/../h/LinkedList.hpp **** 
GAS LISTING /tmp/ccekiF2T.s 			page 3


  24:src/../h/LinkedList.hpp ****     LinkedList<T> &operator=(const LinkedList<T> &) = delete;
  25:src/../h/LinkedList.hpp **** 
  26:src/../h/LinkedList.hpp ****     void addFirst(T *data){
  27:src/../h/LinkedList.hpp ****         Elem *elem = new Elem (data, head);
  28:src/../h/LinkedList.hpp ****         head=elem;
  29:src/../h/LinkedList.hpp ****         if(!tail) {tail=head;}
  30:src/../h/LinkedList.hpp ****     }
  31:src/../h/LinkedList.hpp **** 
  32:src/../h/LinkedList.hpp ****     void addLast(T *data){
  33:src/../h/LinkedList.hpp ****         Elem *elem = new Elem(data, 0);
  34:src/../h/LinkedList.hpp ****         if (tail){
  35:src/../h/LinkedList.hpp ****             tail->next=elem;
  36:src/../h/LinkedList.hpp ****             tail=elem;
  37:src/../h/LinkedList.hpp ****         }else{
  38:src/../h/LinkedList.hpp ****             head=tail=elem;
  39:src/../h/LinkedList.hpp ****         }
  40:src/../h/LinkedList.hpp ****     }
  41:src/../h/LinkedList.hpp **** 
  42:src/../h/LinkedList.hpp ****     T* removeFirst() {
  43:src/../h/LinkedList.hpp ****         if (!head) {return 0;}
  76              		.loc 2 43 14 is_stmt 0
  77 0054 17050000 		ld	a0,.LANCHOR0
  77      03350500 
  78              		.loc 2 43 9
  79 005c 63020504 		beqz	a0,.L8
  80              	.LVL4:
  44:src/../h/LinkedList.hpp ****         Elem *elem = head;
  45:src/../h/LinkedList.hpp ****         head = head->next;
  81              		.loc 2 45 22
  82 0060 83378500 		ld	a5,8(a0)
  83              		.loc 2 45 9
  84 0064 17070000 		sd	a5,.LANCHOR0,a4
  84      2330F700 
  46:src/../h/LinkedList.hpp ****         if(!head) {
  85              		.loc 2 46 9
  86 006c 63840702 		beqz	a5,.L10
  87              	.L7:
  47:src/../h/LinkedList.hpp ****             tail = 0;
  48:src/../h/LinkedList.hpp ****         }
  49:src/../h/LinkedList.hpp ****         T* ret = elem->data;
  88              		.loc 2 49 12
  89 0070 83340500 		ld	s1,0(a0)
  90              	.LVL5:
  50:src/../h/LinkedList.hpp ****         delete elem;
  91              		.loc 2 50 9
  92 0074 97000000 		call	_ZdlPv@plt
  92      E7800000 
  93              	.LVL6:
  94              	.L5:
  95              	.LBE19:
  96              	.LBE18:
  10:src/Scheduler.cpp **** }
  97              		.loc 1 10 1
  98 007c 13850400 		mv	a0,s1
  99 0080 83308101 		ld	ra,24(sp)
 100              		.cfi_remember_state
 101              		.cfi_restore 1
GAS LISTING /tmp/ccekiF2T.s 			page 4


 102 0084 03340101 		ld	s0,16(sp)
 103              		.cfi_restore 8
 104              		.cfi_def_cfa 2, 32
 105 0088 83348100 		ld	s1,8(sp)
 106              		.cfi_restore 9
 107 008c 13010102 		addi	sp,sp,32
 108              		.cfi_def_cfa_offset 0
 109 0090 67800000 		jr	ra
 110              	.LVL7:
 111              	.L10:
 112              		.cfi_restore_state
 113              	.LBB21:
 114              	.LBB20:
  47:src/../h/LinkedList.hpp ****             tail = 0;
 115              		.loc 2 47 13
 116 0094 97070000 		sd	zero,.LANCHOR0+8,a5
 116      23B00700 
 117 009c 6FF05FFD 		j	.L7
 118              	.LVL8:
 119              	.L8:
  43:src/../h/LinkedList.hpp ****         Elem *elem = head;
 120              		.loc 2 43 28
 121 00a0 93040500 		mv	s1,a0
 122              	.LVL9:
 123              	.LBE20:
 124              	.LBE21:
   9:src/Scheduler.cpp ****     return readyCoroutineQueue.removeFirst();
 125              		.loc 1 9 44
 126 00a4 6FF09FFD 		j	.L5
 127              		.cfi_endproc
 128              	.LFE9:
 130              		.align	2
 131              		.globl	_ZN9Scheduler3putEP3TCB
 133              	_ZN9Scheduler3putEP3TCB:
 134              	.LFB10:
  13:src/Scheduler.cpp **** {
 135              		.loc 1 13 1 is_stmt 1
 136              		.cfi_startproc
 137              	.LVL10:
 138 00a8 130101FE 		addi	sp,sp,-32
 139              		.cfi_def_cfa_offset 32
 140 00ac 233C1100 		sd	ra,24(sp)
 141 00b0 23388100 		sd	s0,16(sp)
 142 00b4 23349100 		sd	s1,8(sp)
 143              		.cfi_offset 1, -8
 144              		.cfi_offset 8, -16
 145              		.cfi_offset 9, -24
 146 00b8 13040102 		addi	s0,sp,32
 147              		.cfi_def_cfa 8, 0
 148 00bc 93040500 		mv	s1,a0
  15:src/Scheduler.cpp ****     readyCoroutineQueue.addLast(ccb);
 149              		.loc 1 15 5
 150              	.LVL11:
 151              	.LBB22:
 152              	.LBB23:
  33:src/../h/LinkedList.hpp ****         if (tail){
 153              		.loc 2 33 22 is_stmt 0
GAS LISTING /tmp/ccekiF2T.s 			page 5


 154 00c0 13050001 		li	a0,16
 155              	.LVL12:
 156 00c4 97000000 		call	_Znwm@plt
 156      E7800000 
 157              	.LVL13:
 158              	.LBB24:
 159              	.LBB25:
  15:src/../h/LinkedList.hpp ****     };
 160              		.loc 2 15 59
 161 00cc 23309500 		sd	s1,0(a0)
 162 00d0 23340500 		sd	zero,8(a0)
 163              	.LVL14:
 164              	.LBE25:
 165              	.LBE24:
  34:src/../h/LinkedList.hpp ****             tail->next=elem;
 166              		.loc 2 34 13
 167 00d4 97070000 		ld	a5,.LANCHOR0+8
 167      83B70700 
  34:src/../h/LinkedList.hpp ****             tail->next=elem;
 168              		.loc 2 34 9
 169 00dc 63820702 		beqz	a5,.L12
  35:src/../h/LinkedList.hpp ****             tail=elem;
 170              		.loc 2 35 13
 171 00e0 23B4A700 		sd	a0,8(a5)
  36:src/../h/LinkedList.hpp ****         }else{
 172              		.loc 2 36 13
 173 00e4 97070000 		sd	a0,.LANCHOR0+8,a5
 173      23B0A700 
 174              	.LVL15:
 175              	.L11:
 176              	.LBE23:
 177              	.LBE22:
 178              		.loc 1 16 1
 179 00ec 83308101 		ld	ra,24(sp)
 180              		.cfi_remember_state
 181              		.cfi_restore 1
 182 00f0 03340101 		ld	s0,16(sp)
 183              		.cfi_restore 8
 184              		.cfi_def_cfa 2, 32
 185 00f4 83348100 		ld	s1,8(sp)
 186              		.cfi_restore 9
 187              	.LVL16:
 188 00f8 13010102 		addi	sp,sp,32
 189              		.cfi_def_cfa_offset 0
 190 00fc 67800000 		jr	ra
 191              	.LVL17:
 192              	.L12:
 193              		.cfi_restore_state
 194              	.LBB27:
 195              	.LBB26:
  38:src/../h/LinkedList.hpp ****         }
 196              		.loc 2 38 13
 197 0100 97070000 		lla	a5,.LANCHOR0
 197      93870700 
 198 0108 23B4A700 		sd	a0,8(a5)
 199 010c 23B0A700 		sd	a0,0(a5)
 200              	.LVL18:
GAS LISTING /tmp/ccekiF2T.s 			page 6


 201              	.LBE26:
 202              	.LBE27:
 203              		.loc 1 16 1
 204 0110 6FF0DFFD 		j	.L11
 205              		.cfi_endproc
 206              	.LFE10:
 208              		.align	2
 210              	_GLOBAL__sub_I__ZN9Scheduler19readyCoroutineQueueE:
 211              	.LFB20:
 212              		.loc 1 16 1 is_stmt 1
 213              		.cfi_startproc
 214 0114 130101FF 		addi	sp,sp,-16
 215              		.cfi_def_cfa_offset 16
 216 0118 23341100 		sd	ra,8(sp)
 217 011c 23308100 		sd	s0,0(sp)
 218              		.cfi_offset 1, -8
 219              		.cfi_offset 8, -16
 220 0120 13040101 		addi	s0,sp,16
 221              		.cfi_def_cfa 8, 0
 222              		.loc 1 16 1 is_stmt 0
 223 0124 B7050100 		li	a1,65536
 224 0128 9385F5FF 		addi	a1,a1,-1
 225 012c 13051000 		li	a0,1
 226 0130 97000000 		call	_Z41__static_initialization_and_destruction_0ii
 226      E7800000 
 227              	.LVL19:
 228 0138 83308100 		ld	ra,8(sp)
 229              		.cfi_restore 1
 230 013c 03340100 		ld	s0,0(sp)
 231              		.cfi_restore 8
 232              		.cfi_def_cfa 2, 16
 233 0140 13010101 		addi	sp,sp,16
 234              		.cfi_def_cfa_offset 0
 235 0144 67800000 		jr	ra
 236              		.cfi_endproc
 237              	.LFE20:
 239              		.section	.init_array,"aw"
 240              		.align	3
 241 0000 00000000 		.dword	_GLOBAL__sub_I__ZN9Scheduler19readyCoroutineQueueE
 241      00000000 
 242              		.globl	_ZN9Scheduler19readyCoroutineQueueE
 243              		.bss
 244              		.align	3
 245              		.set	.LANCHOR0,. + 0
 248              	_ZN9Scheduler19readyCoroutineQueueE:
 249 0000 00000000 		.zero	16
 249      00000000 
 249      00000000 
 249      00000000 
 250              		.text
 251              	.Letext0:
 252              		.file 3 "src/../h/Scheduler.hpp"
GAS LISTING /tmp/ccekiF2T.s 			page 7


DEFINED SYMBOLS
                            *ABS*:0000000000000000 Scheduler.cpp
     /tmp/ccekiF2T.s:8      .text:0000000000000000 _Z41__static_initialization_and_destruction_0ii
     /tmp/ccekiF2T.s:12     .text:0000000000000000 .L0 
     /tmp/ccekiF2T.s:14     .text:0000000000000000 .L0 
     /tmp/ccekiF2T.s:15     .text:0000000000000004 .L0 
     /tmp/ccekiF2T.s:17     .text:0000000000000008 .L0 
     /tmp/ccekiF2T.s:19     .text:000000000000000c .L0 
     /tmp/ccekiF2T.s:21     .text:000000000000000c .L0 
     /tmp/ccekiF2T.s:25     .text:0000000000000018 .L0 
     /tmp/ccekiF2T.s:26     .text:0000000000000018 .L0 
     /tmp/ccekiF2T.s:27     .text:0000000000000018 .L0 
     /tmp/ccekiF2T.s:29     .text:000000000000001c .L0 
     /tmp/ccekiF2T.s:32     .text:0000000000000020 .L0 
     /tmp/ccekiF2T.s:34     .text:0000000000000020 .L0 
     /tmp/ccekiF2T.s:43     .text:000000000000002c .L0 
     /tmp/ccekiF2T.s:51     .text:000000000000003c .L0 
     /tmp/ccekiF2T.s:52     .text:0000000000000040 .L0 
     /tmp/ccekiF2T.s:58     .text:0000000000000040 _ZN9Scheduler3getEv
     /tmp/ccekiF2T.s:61     .text:0000000000000040 .L0 
     /tmp/ccekiF2T.s:62     .text:0000000000000040 .L0 
     /tmp/ccekiF2T.s:63     .text:0000000000000044 .L0 
     /tmp/ccekiF2T.s:67     .text:0000000000000050 .L0 
     /tmp/ccekiF2T.s:68     .text:0000000000000050 .L0 
     /tmp/ccekiF2T.s:69     .text:0000000000000050 .L0 
     /tmp/ccekiF2T.s:71     .text:0000000000000054 .L0 
     /tmp/ccekiF2T.s:76     .text:0000000000000054 .L0 
     /tmp/ccekiF2T.s:77     .text:0000000000000054 .L0 
     /tmp/ccekiF2T.s:79     .text:000000000000005c .L0 
     /tmp/ccekiF2T.s:82     .text:0000000000000060 .L0 
     /tmp/ccekiF2T.s:84     .text:0000000000000064 .L0 
     /tmp/ccekiF2T.s:86     .text:000000000000006c .L0 
     /tmp/ccekiF2T.s:89     .text:0000000000000070 .L0 
     /tmp/ccekiF2T.s:92     .text:0000000000000074 .L0 
     /tmp/ccekiF2T.s:98     .text:000000000000007c .L0 
     /tmp/ccekiF2T.s:100    .text:0000000000000084 .L0 
     /tmp/ccekiF2T.s:101    .text:0000000000000084 .L0 
     /tmp/ccekiF2T.s:103    .text:0000000000000088 .L0 
     /tmp/ccekiF2T.s:104    .text:0000000000000088 .L0 
     /tmp/ccekiF2T.s:106    .text:000000000000008c .L0 
     /tmp/ccekiF2T.s:108    .text:0000000000000090 .L0 
     /tmp/ccekiF2T.s:112    .text:0000000000000094 .L0 
     /tmp/ccekiF2T.s:116    .text:0000000000000094 .L0 
     /tmp/ccekiF2T.s:121    .text:00000000000000a0 .L0 
     /tmp/ccekiF2T.s:126    .text:00000000000000a4 .L0 
     /tmp/ccekiF2T.s:127    .text:00000000000000a8 .L0 
     /tmp/ccekiF2T.s:133    .text:00000000000000a8 _ZN9Scheduler3putEP3TCB
     /tmp/ccekiF2T.s:136    .text:00000000000000a8 .L0 
     /tmp/ccekiF2T.s:138    .text:00000000000000a8 .L0 
     /tmp/ccekiF2T.s:139    .text:00000000000000ac .L0 
     /tmp/ccekiF2T.s:143    .text:00000000000000b8 .L0 
     /tmp/ccekiF2T.s:144    .text:00000000000000b8 .L0 
     /tmp/ccekiF2T.s:145    .text:00000000000000b8 .L0 
     /tmp/ccekiF2T.s:147    .text:00000000000000bc .L0 
     /tmp/ccekiF2T.s:153    .text:00000000000000c0 .L0 
     /tmp/ccekiF2T.s:154    .text:00000000000000c0 .L0 
     /tmp/ccekiF2T.s:161    .text:00000000000000cc .L0 
GAS LISTING /tmp/ccekiF2T.s 			page 8


     /tmp/ccekiF2T.s:167    .text:00000000000000d4 .L0 
     /tmp/ccekiF2T.s:169    .text:00000000000000dc .L0 
     /tmp/ccekiF2T.s:171    .text:00000000000000e0 .L0 
     /tmp/ccekiF2T.s:173    .text:00000000000000e4 .L0 
     /tmp/ccekiF2T.s:179    .text:00000000000000ec .L0 
     /tmp/ccekiF2T.s:180    .text:00000000000000f0 .L0 
     /tmp/ccekiF2T.s:181    .text:00000000000000f0 .L0 
     /tmp/ccekiF2T.s:183    .text:00000000000000f4 .L0 
     /tmp/ccekiF2T.s:184    .text:00000000000000f4 .L0 
     /tmp/ccekiF2T.s:186    .text:00000000000000f8 .L0 
     /tmp/ccekiF2T.s:189    .text:00000000000000fc .L0 
     /tmp/ccekiF2T.s:193    .text:0000000000000100 .L0 
     /tmp/ccekiF2T.s:197    .text:0000000000000100 .L0 
     /tmp/ccekiF2T.s:204    .text:0000000000000110 .L0 
     /tmp/ccekiF2T.s:205    .text:0000000000000114 .L0 
     /tmp/ccekiF2T.s:210    .text:0000000000000114 _GLOBAL__sub_I__ZN9Scheduler19readyCoroutineQueueE
     /tmp/ccekiF2T.s:213    .text:0000000000000114 .L0 
     /tmp/ccekiF2T.s:214    .text:0000000000000114 .L0 
     /tmp/ccekiF2T.s:215    .text:0000000000000118 .L0 
     /tmp/ccekiF2T.s:218    .text:0000000000000120 .L0 
     /tmp/ccekiF2T.s:219    .text:0000000000000120 .L0 
     /tmp/ccekiF2T.s:221    .text:0000000000000124 .L0 
     /tmp/ccekiF2T.s:223    .text:0000000000000124 .L0 
     /tmp/ccekiF2T.s:229    .text:000000000000013c .L0 
     /tmp/ccekiF2T.s:231    .text:0000000000000140 .L0 
     /tmp/ccekiF2T.s:232    .text:0000000000000140 .L0 
     /tmp/ccekiF2T.s:234    .text:0000000000000144 .L0 
     /tmp/ccekiF2T.s:236    .text:0000000000000148 .L0 
     /tmp/ccekiF2T.s:248    .bss:0000000000000000 _ZN9Scheduler19readyCoroutineQueueE
     /tmp/ccekiF2T.s:245    .bss:0000000000000000 .LANCHOR0
     /tmp/ccekiF2T.s:253    .text:0000000000000148 .L0 
     /tmp/ccekiF2T.s:43     .text:000000000000002c .L0 
     /tmp/ccekiF2T.s:77     .text:0000000000000054 .L0 
     /tmp/ccekiF2T.s:84     .text:0000000000000064 .L0 
     /tmp/ccekiF2T.s:116    .text:0000000000000094 .L0 
     /tmp/ccekiF2T.s:167    .text:00000000000000d4 .L0 
     /tmp/ccekiF2T.s:173    .text:00000000000000e4 .L0 
     /tmp/ccekiF2T.s:197    .text:0000000000000100 .L0 
     /tmp/ccekiF2T.s:31     .text:0000000000000020 .L4
     /tmp/ccekiF2T.s:23     .text:0000000000000014 .L1
     /tmp/ccekiF2T.s:119    .text:00000000000000a0 .L8
     /tmp/ccekiF2T.s:111    .text:0000000000000094 .L10
     /tmp/ccekiF2T.s:87     .text:0000000000000070 .L7
     /tmp/ccekiF2T.s:94     .text:000000000000007c .L5
     /tmp/ccekiF2T.s:192    .text:0000000000000100 .L12
     /tmp/ccekiF2T.s:175    .text:00000000000000ec .L11
     /tmp/ccekiF2T.s:792    .debug_abbrev:0000000000000000 .Ldebug_abbrev0
     /tmp/ccekiF2T.s:1643   .debug_str:0000000000000210 .LASF37
     /tmp/ccekiF2T.s:1649   .debug_str:00000000000002de .LASF38
     /tmp/ccekiF2T.s:1669   .debug_str:000000000000036d .LASF39
     /tmp/ccekiF2T.s:5      .text:0000000000000000 .Ltext0
     /tmp/ccekiF2T.s:251    .text:0000000000000148 .Letext0
     /tmp/ccekiF2T.s:1591   .debug_line:0000000000000000 .Ldebug_line0
     /tmp/ccekiF2T.s:1619   .debug_str:00000000000000fa .LASF0
     /tmp/ccekiF2T.s:1613   .debug_str:00000000000000b8 .LASF40
     /tmp/ccekiF2T.s:1599   .debug_str:000000000000002a .LASF41
     /tmp/ccekiF2T.s:1609   .debug_str:000000000000007b .LASF42
GAS LISTING /tmp/ccekiF2T.s 			page 9


     /tmp/ccekiF2T.s:1661   .debug_str:000000000000032f .LASF1
     /tmp/ccekiF2T.s:1667   .debug_str:0000000000000368 .LASF4
     /tmp/ccekiF2T.s:1621   .debug_str:0000000000000104 .LASF2
     /tmp/ccekiF2T.s:1597   .debug_str:0000000000000025 .LASF3
     /tmp/ccekiF2T.s:1625   .debug_str:0000000000000113 .LASF43
     /tmp/ccekiF2T.s:1647   .debug_str:00000000000002d9 .LASF5
     /tmp/ccekiF2T.s:1673   .debug_str:00000000000003a9 .LASF6
     /tmp/ccekiF2T.s:1665   .debug_str:000000000000035d .LASF7
     /tmp/ccekiF2T.s:1593   .debug_str:0000000000000000 .LASF9
     /tmp/ccekiF2T.s:1663   .debug_str:000000000000033f .LASF14
     /tmp/ccekiF2T.s:1677   .debug_str:00000000000003b5 .LASF44
     /tmp/ccekiF2T.s:1671   .debug_str:000000000000038b .LASF45
     /tmp/ccekiF2T.s:1653   .debug_str:00000000000002fa .LASF8
     /tmp/ccekiF2T.s:1683   .debug_str:00000000000003ef .LASF10
     /tmp/ccekiF2T.s:1603   .debug_str:0000000000000062 .LASF11
     /tmp/ccekiF2T.s:1615   .debug_str:00000000000000cc .LASF12
     /tmp/ccekiF2T.s:1607   .debug_str:000000000000006f .LASF13
     /tmp/ccekiF2T.s:1611   .debug_str:0000000000000093 .LASF15
     /tmp/ccekiF2T.s:1623   .debug_str:0000000000000109 .LASF16
     /tmp/ccekiF2T.s:1631   .debug_str:0000000000000160 .LASF17
     /tmp/ccekiF2T.s:1617   .debug_str:00000000000000ef .LASF18
     /tmp/ccekiF2T.s:1601   .debug_str:000000000000003e .LASF19
     /tmp/ccekiF2T.s:1637   .debug_str:00000000000001bd .LASF20
     /tmp/ccekiF2T.s:1635   .debug_str:000000000000019c .LASF21
     /tmp/ccekiF2T.s:1651   .debug_str:00000000000002f0 .LASF22
     /tmp/ccekiF2T.s:1627   .debug_str:0000000000000139 .LASF23
     /tmp/ccekiF2T.s:1605   .debug_str:000000000000006a .LASF28
     /tmp/ccekiF2T.s:1639   .debug_str:00000000000001c6 .LASF46
     /tmp/ccekiF2T.s:1685   .debug_str:0000000000000413 .LASF24
     /tmp/ccekiF2T.s:211    .text:0000000000000114 .LFB20
     /tmp/ccekiF2T.s:237    .text:0000000000000148 .LFE20
     /tmp/ccekiF2T.s:227    .text:0000000000000138 .LVL19
     /tmp/ccekiF2T.s:1681   .debug_str:00000000000003c5 .LASF25
     /tmp/ccekiF2T.s:9      .text:0000000000000000 .LFB19
     /tmp/ccekiF2T.s:53     .text:0000000000000040 .LFE19
     /tmp/ccekiF2T.s:1657   .debug_str:0000000000000313 .LASF26
     /tmp/ccekiF2T.s:1595   .debug_str:000000000000001a .LASF27
     /tmp/ccekiF2T.s:38     .text:000000000000002c .LBB15
     /tmp/ccekiF2T.s:49     .text:000000000000003c .LBE15
     /tmp/ccekiF2T.s:1448   .debug_loc:0000000000000000 .LLST0
     /tmp/ccekiF2T.s:1629   .debug_str:000000000000015b .LASF29
     /tmp/ccekiF2T.s:1641   .debug_str:00000000000001ea .LASF31
     /tmp/ccekiF2T.s:1645   .debug_str:00000000000002d4 .LASF30
     /tmp/ccekiF2T.s:1633   .debug_str:0000000000000182 .LASF32
     /tmp/ccekiF2T.s:134    .text:00000000000000a8 .LFB10
     /tmp/ccekiF2T.s:206    .text:0000000000000114 .LFE10
     /tmp/ccekiF2T.s:1457   .debug_loc:000000000000002c .LLST4
     /tmp/ccekiF2T.s:151    .text:00000000000000c0 .LBB22
     /tmp/ccekiF2T.s:1577   .debug_ranges:0000000000000000 .Ldebug_ranges0
     /tmp/ccekiF2T.s:1479   .debug_loc:000000000000008b .LLST5
     /tmp/ccekiF2T.s:1494   .debug_loc:00000000000000d4 .LLST6
     /tmp/ccekiF2T.s:158    .text:00000000000000cc .LBB24
     /tmp/ccekiF2T.s:165    .text:00000000000000d4 .LBE24
     /tmp/ccekiF2T.s:1509   .debug_loc:000000000000011c .LLST7
     /tmp/ccekiF2T.s:1517   .debug_loc:0000000000000140 .LLST8
     /tmp/ccekiF2T.s:1524   .debug_loc:0000000000000163 .LLST9
     /tmp/ccekiF2T.s:157    .text:00000000000000cc .LVL13
GAS LISTING /tmp/ccekiF2T.s 			page 10


     /tmp/ccekiF2T.s:59     .text:0000000000000040 .LFB9
     /tmp/ccekiF2T.s:128    .text:00000000000000a8 .LFE9
     /tmp/ccekiF2T.s:74     .text:0000000000000054 .LBB18
     /tmp/ccekiF2T.s:1531   .debug_loc:0000000000000186 .LLST1
     /tmp/ccekiF2T.s:1546   .debug_loc:00000000000001ce .LLST2
     /tmp/ccekiF2T.s:1557   .debug_loc:0000000000000204 .LLST3
     /tmp/ccekiF2T.s:93     .text:000000000000007c .LVL6
     /tmp/ccekiF2T.s:1679   .debug_str:00000000000003bf .LASF33
     /tmp/ccekiF2T.s:1659   .debug_str:0000000000000322 .LASF35
     /tmp/ccekiF2T.s:1675   .debug_str:00000000000003ae .LASF34
     /tmp/ccekiF2T.s:1655   .debug_str:0000000000000303 .LASF36
     /tmp/ccekiF2T.s:37     .text:000000000000002c .LVL1
     /tmp/ccekiF2T.s:46     .text:000000000000003c .LVL2
     /tmp/ccekiF2T.s:137    .text:00000000000000a8 .LVL10
     /tmp/ccekiF2T.s:155    .text:00000000000000c4 .LVL12
     /tmp/ccekiF2T.s:187    .text:00000000000000f8 .LVL16
     /tmp/ccekiF2T.s:191    .text:0000000000000100 .LVL17
     /tmp/ccekiF2T.s:150    .text:00000000000000c0 .LVL11
     /tmp/ccekiF2T.s:174    .text:00000000000000ec .LVL15
     /tmp/ccekiF2T.s:200    .text:0000000000000110 .LVL18
     /tmp/ccekiF2T.s:163    .text:00000000000000d4 .LVL14
     /tmp/ccekiF2T.s:73     .text:0000000000000054 .LVL3
     /tmp/ccekiF2T.s:110    .text:0000000000000094 .LVL7
     /tmp/ccekiF2T.s:122    .text:00000000000000a4 .LVL9
     /tmp/ccekiF2T.s:80     .text:0000000000000060 .LVL4
     /tmp/ccekiF2T.s:118    .text:00000000000000a0 .LVL8
     /tmp/ccekiF2T.s:90     .text:0000000000000074 .LVL5
     /tmp/ccekiF2T.s:254    .debug_info:0000000000000000 .Ldebug_info0
     /tmp/ccekiF2T.s:96     .text:000000000000007c .LBE18
     /tmp/ccekiF2T.s:113    .text:0000000000000094 .LBB21
     /tmp/ccekiF2T.s:124    .text:00000000000000a4 .LBE21
     /tmp/ccekiF2T.s:177    .text:00000000000000ec .LBE22
     /tmp/ccekiF2T.s:194    .text:0000000000000100 .LBB27
     /tmp/ccekiF2T.s:202    .text:0000000000000110 .LBE27

UNDEFINED SYMBOLS
_ZdlPv
_Znwm
